0 info it worked if it ends with ok
1 verbose cli [ '/home/luca/.nvm/versions/node/v7.2.0/bin/node',
1 verbose cli   '/home/luca/.nvm/versions/node/v7.2.0/bin/npm',
1 verbose cli   'start' ]
2 info using npm@3.10.9
3 info using node@v7.2.0
4 verbose run-script [ 'prestart', 'start', 'poststart' ]
5 info lifecycle lab-hello-ironhack@0.1.0~prestart: lab-hello-ironhack@0.1.0
6 silly lifecycle lab-hello-ironhack@0.1.0~prestart: no script for prestart, continuing
7 info lifecycle lab-hello-ironhack@0.1.0~start: lab-hello-ironhack@0.1.0
8 verbose lifecycle lab-hello-ironhack@0.1.0~start: unsafe-perm in lifecycle true
9 verbose lifecycle lab-hello-ironhack@0.1.0~start: PATH: /home/luca/.nvm/versions/node/v7.2.0/lib/node_modules/npm/bin/node-gyp-bin:/home/luca/code/Assignments/Week_7-8/Assignment-1/lab-hello-ironhack/starter-code/node_modules/.bin:/home/luca/.nvm/versions/node/v7.2.0/bin:/usr/local/sbin:/usr/local/bin:/usr/sbin:/usr/bin:/sbin:/bin:/usr/games:/usr/local/games:/snap/bin:/usr/lib/jvm/java-12-oracle/bin:/usr/lib/jvm/java-12-oracle/db/bin
10 verbose lifecycle lab-hello-ironhack@0.1.0~start: CWD: /home/luca/code/Assignments/Week_7-8/Assignment-1/lab-hello-ironhack/starter-code
11 silly lifecycle lab-hello-ironhack@0.1.0~start: Args: [ '-c', 'react-scripts start' ]
12 silly lifecycle lab-hello-ironhack@0.1.0~start: Returned: code: 1  signal: null
13 info lifecycle lab-hello-ironhack@0.1.0~start: Failed to exec start script
14 verbose stack Error: lab-hello-ironhack@0.1.0 start: `react-scripts start`
14 verbose stack Exit status 1
14 verbose stack     at EventEmitter.<anonymous> (/home/luca/.nvm/versions/node/v7.2.0/lib/node_modules/npm/lib/utils/lifecycle.js:255:16)
14 verbose stack     at emitTwo (events.js:106:13)
14 verbose stack     at EventEmitter.emit (events.js:191:7)
14 verbose stack     at ChildProcess.<anonymous> (/home/luca/.nvm/versions/node/v7.2.0/lib/node_modules/npm/lib/utils/spawn.js:40:14)
14 verbose stack     at emitTwo (events.js:106:13)
14 verbose stack     at ChildProcess.emit (events.js:191:7)
14 verbose stack     at maybeClose (internal/child_process.js:885:16)
14 verbose stack     at Process.ChildProcess._handle.onexit (internal/child_process.js:226:5)
15 verbose pkgid lab-hello-ironhack@0.1.0
16 verbose cwd /home/luca/code/Assignments/Week_7-8/Assignment-1/lab-hello-ironhack/starter-code
17 error Linux 5.0.0-23-generic
18 error argv "/home/luca/.nvm/versions/node/v7.2.0/bin/node" "/home/luca/.nvm/versions/node/v7.2.0/bin/npm" "start"
19 error node v7.2.0
20 error npm  v3.10.9
21 error code ELIFECYCLE
22 error lab-hello-ironhack@0.1.0 start: `react-scripts start`
22 error Exit status 1
23 error Failed at the lab-hello-ironhack@0.1.0 start script 'react-scripts start'.
23 error Make sure you have the latest version of node.js and npm installed.
23 error If you do, this is most likely a problem with the lab-hello-ironhack package,
23 error not with npm itself.
23 error Tell the author that this fails on your system:
23 error     react-scripts start
23 error You can get information on how to open an issue for this project with:
23 error     npm bugs lab-hello-ironhack
23 error Or if that isn't available, you can get their info via:
23 error     npm owner ls lab-hello-ironhack
23 error There is likely additional logging output above.
24 verbose exit [ 1, true ]
